{"C:\\Users\\leore\\OneDrive\\Área de Trabalho\\projetos\\HomeFlix\\Back-end\\api\\app.js": {"path":"C:\\Users\\leore\\OneDrive\\Área de Trabalho\\projetos\\HomeFlix\\Back-end\\api\\app.js","statementMap":{"0":{"start":{"line":15,"column":13},"end":{"line":15,"column":37}},"1":{"start":{"line":18,"column":12},"end":{"line":18,"column":21}},"2":{"start":{"line":21,"column":25},"end":{"line":26,"column":1}},"3":{"start":{"line":22,"column":2},"end":{"line":22,"column":49}},"4":{"start":{"line":23,"column":2},"end":{"line":23,"column":68}},"5":{"start":{"line":24,"column":2},"end":{"line":24,"column":61}},"6":{"start":{"line":25,"column":2},"end":{"line":25,"column":9}},"7":{"start":{"line":27,"column":0},"end":{"line":27,"column":26}},"8":{"start":{"line":30,"column":0},"end":{"line":30,"column":12}},"9":{"start":{"line":33,"column":0},"end":{"line":33,"column":94}},"10":{"start":{"line":33,"column":25},"end":{"line":33,"column":90}}},"fnMap":{"0":{"name":"(anonymous_0)","decl":{"start":{"line":21,"column":25},"end":{"line":21,"column":26}},"loc":{"start":{"line":21,"column":45},"end":{"line":26,"column":1}},"line":21},"1":{"name":"(anonymous_1)","decl":{"start":{"line":33,"column":17},"end":{"line":33,"column":18}},"loc":{"start":{"line":33,"column":23},"end":{"line":33,"column":92}},"line":33}},"branchMap":{"0":{"loc":{"start":{"line":15,"column":13},"end":{"line":15,"column":37}},"type":"binary-expr","locations":[{"start":{"line":15,"column":13},"end":{"line":15,"column":29}},{"start":{"line":15,"column":33},"end":{"line":15,"column":37}}],"line":15}},"s":{"0":1,"1":1,"2":1,"3":8,"4":8,"5":8,"6":8,"7":1,"8":1,"9":1,"10":1},"f":{"0":8,"1":1},"b":{"0":[1,1]},"_coverageSchema":"1a1c01bbd47fc00a2c39e90264f33305004495a9","hash":"1cd42666ac60caa2abf99ad00ed2761f9ce147ed"}
,"C:\\Users\\leore\\OneDrive\\Área de Trabalho\\projetos\\HomeFlix\\Back-end\\api\\Routes\\FilmesRouter.js": {"path":"C:\\Users\\leore\\OneDrive\\Área de Trabalho\\projetos\\HomeFlix\\Back-end\\api\\Routes\\FilmesRouter.js","statementMap":{"0":{"start":{"line":7,"column":20},"end":{"line":7,"column":28}},"1":{"start":{"line":10,"column":0},"end":{"line":14,"column":52}}},"fnMap":{},"branchMap":{},"s":{"0":1,"1":1},"f":{},"b":{},"_coverageSchema":"1a1c01bbd47fc00a2c39e90264f33305004495a9","hash":"bba9bb0c8ce6956459dcf27f46a4e26134a7993b"}
,"C:\\Users\\leore\\OneDrive\\Área de Trabalho\\projetos\\HomeFlix\\Back-end\\api\\Routes\\index.js": {"path":"C:\\Users\\leore\\OneDrive\\Área de Trabalho\\projetos\\HomeFlix\\Back-end\\api\\Routes\\index.js","statementMap":{"0":{"start":{"line":9,"column":2},"end":{"line":9,"column":29}},"1":{"start":{"line":10,"column":2},"end":{"line":10,"column":23}}},"fnMap":{"0":{"name":"(anonymous_0)","decl":{"start":{"line":8,"column":15},"end":{"line":8,"column":16}},"loc":{"start":{"line":8,"column":24},"end":{"line":11,"column":1}},"line":8}},"branchMap":{},"s":{"0":1,"1":1},"f":{"0":1},"b":{},"_coverageSchema":"1a1c01bbd47fc00a2c39e90264f33305004495a9","hash":"03ad5ff30b5e1d7d9fdcf69c902c3d73dfc07ad8"}
,"C:\\Users\\leore\\OneDrive\\Área de Trabalho\\projetos\\HomeFlix\\Back-end\\api\\config\\db\\conectionMongo.js": {"path":"C:\\Users\\leore\\OneDrive\\Área de Trabalho\\projetos\\HomeFlix\\Back-end\\api\\config\\db\\conectionMongo.js","statementMap":{"0":{"start":{"line":3,"column":12},"end":{"line":3,"column":85}},"1":{"start":{"line":6,"column":2},"end":{"line":11,"column":3}},"2":{"start":{"line":7,"column":4},"end":{"line":7,"column":67}},"3":{"start":{"line":8,"column":4},"end":{"line":8,"column":67}},"4":{"start":{"line":10,"column":4},"end":{"line":10,"column":61}},"5":{"start":{"line":14,"column":11},"end":{"line":14,"column":23}}},"fnMap":{"0":{"name":"conexao","decl":{"start":{"line":5,"column":22},"end":{"line":5,"column":29}},"loc":{"start":{"line":5,"column":35},"end":{"line":12,"column":1}},"line":5}},"branchMap":{},"s":{"0":2,"1":3,"2":3,"3":2,"4":1,"5":2},"f":{"0":3},"b":{},"_coverageSchema":"1a1c01bbd47fc00a2c39e90264f33305004495a9","hash":"edc5db82b65c648f1613fc599b217298b83a83be"}
,"C:\\Users\\leore\\OneDrive\\Área de Trabalho\\projetos\\HomeFlix\\Back-end\\api\\config\\models\\Filmes.js": {"path":"C:\\Users\\leore\\OneDrive\\Área de Trabalho\\projetos\\HomeFlix\\Back-end\\api\\config\\models\\Filmes.js","statementMap":{"0":{"start":{"line":3,"column":17},"end":{"line":28,"column":25}},"1":{"start":{"line":30,"column":15},"end":{"line":30,"column":49}}},"fnMap":{},"branchMap":{},"s":{"0":1,"1":1},"f":{},"b":{},"_coverageSchema":"1a1c01bbd47fc00a2c39e90264f33305004495a9","hash":"c5910994a35a146b57fb0b3c161e2e717dc1adcc"}
,"C:\\Users\\leore\\OneDrive\\Área de Trabalho\\projetos\\HomeFlix\\Back-end\\api\\controllers\\FilmesControlles.js": {"path":"C:\\Users\\leore\\OneDrive\\Área de Trabalho\\projetos\\HomeFlix\\Back-end\\api\\controllers\\FilmesControlles.js","statementMap":{"0":{"start":{"line":11,"column":4},"end":{"line":18,"column":5}},"1":{"start":{"line":12,"column":29},"end":{"line":12,"column":48}},"2":{"start":{"line":13,"column":6},"end":{"line":13,"column":43}},"3":{"start":{"line":16,"column":6},"end":{"line":16,"column":74}},"4":{"start":{"line":17,"column":6},"end":{"line":17,"column":25}},"5":{"start":{"line":23,"column":27},"end":{"line":23,"column":76}},"6":{"start":{"line":24,"column":4},"end":{"line":40,"column":5}},"7":{"start":{"line":25,"column":31},"end":{"line":25,"column":53}},"8":{"start":{"line":26,"column":6},"end":{"line":37,"column":7}},"9":{"start":{"line":27,"column":8},"end":{"line":34,"column":9}},"10":{"start":{"line":28,"column":27},"end":{"line":28,"column":47}},"11":{"start":{"line":29,"column":25},"end":{"line":29,"column":46}},"12":{"start":{"line":30,"column":10},"end":{"line":30,"column":48}},"13":{"start":{"line":32,"column":10},"end":{"line":32,"column":69}},"14":{"start":{"line":33,"column":10},"end":{"line":33,"column":29}},"15":{"start":{"line":36,"column":8},"end":{"line":36,"column":47}},"16":{"start":{"line":39,"column":6},"end":{"line":39,"column":76}},"17":{"start":{"line":45,"column":4},"end":{"line":50,"column":5}},"18":{"start":{"line":46,"column":21},"end":{"line":46,"column":66}},"19":{"start":{"line":47,"column":6},"end":{"line":47,"column":93}},"20":{"start":{"line":49,"column":6},"end":{"line":49,"column":88}},"21":{"start":{"line":55,"column":29},"end":{"line":55,"column":51}},"22":{"start":{"line":56,"column":4},"end":{"line":66,"column":5}},"23":{"start":{"line":57,"column":6},"end":{"line":63,"column":7}},"24":{"start":{"line":58,"column":23},"end":{"line":58,"column":86}},"25":{"start":{"line":59,"column":8},"end":{"line":59,"column":92}},"26":{"start":{"line":61,"column":8},"end":{"line":61,"column":110}},"27":{"start":{"line":62,"column":8},"end":{"line":62,"column":27}},"28":{"start":{"line":65,"column":6},"end":{"line":65,"column":45}}},"fnMap":{"0":{"name":"(anonymous_0)","decl":{"start":{"line":10,"column":2},"end":{"line":10,"column":3}},"loc":{"start":{"line":10,"column":40},"end":{"line":19,"column":3}},"line":10},"1":{"name":"(anonymous_1)","decl":{"start":{"line":22,"column":2},"end":{"line":22,"column":3}},"loc":{"start":{"line":22,"column":38},"end":{"line":41,"column":3}},"line":22},"2":{"name":"(anonymous_2)","decl":{"start":{"line":44,"column":2},"end":{"line":44,"column":3}},"loc":{"start":{"line":44,"column":38},"end":{"line":51,"column":3}},"line":44},"3":{"name":"(anonymous_3)","decl":{"start":{"line":54,"column":2},"end":{"line":54,"column":3}},"loc":{"start":{"line":54,"column":38},"end":{"line":67,"column":3}},"line":54}},"branchMap":{"0":{"loc":{"start":{"line":24,"column":4},"end":{"line":40,"column":5}},"type":"if","locations":[{"start":{"line":24,"column":4},"end":{"line":40,"column":5}},{"start":{"line":38,"column":11},"end":{"line":40,"column":5}}],"line":24},"1":{"loc":{"start":{"line":26,"column":6},"end":{"line":37,"column":7}},"type":"if","locations":[{"start":{"line":26,"column":6},"end":{"line":37,"column":7}},{"start":{"line":35,"column":13},"end":{"line":37,"column":7}}],"line":26},"2":{"loc":{"start":{"line":56,"column":4},"end":{"line":66,"column":5}},"type":"if","locations":[{"start":{"line":56,"column":4},"end":{"line":66,"column":5}},{"start":{"line":64,"column":11},"end":{"line":66,"column":5}}],"line":56}},"s":{"0":1,"1":1,"2":1,"3":0,"4":0,"5":3,"6":3,"7":2,"8":2,"9":1,"10":1,"11":1,"12":1,"13":0,"14":0,"15":1,"16":1,"17":2,"18":2,"19":1,"20":1,"21":2,"22":2,"23":1,"24":1,"25":1,"26":0,"27":0,"28":1},"f":{"0":1,"1":3,"2":2,"3":2},"b":{"0":[2,1],"1":[1,1],"2":[1,1]},"_coverageSchema":"1a1c01bbd47fc00a2c39e90264f33305004495a9","hash":"f5c0af729f1f0434c962d94a6849519074eabd27"}
,"C:\\Users\\leore\\OneDrive\\Área de Trabalho\\projetos\\HomeFlix\\Back-end\\api\\validations\\insertValidations.js": {"path":"C:\\Users\\leore\\OneDrive\\Área de Trabalho\\projetos\\HomeFlix\\Back-end\\api\\validations\\insertValidations.js","statementMap":{"0":{"start":{"line":3,"column":16},"end":{"line":3,"column":18}},"1":{"start":{"line":4,"column":2},"end":{"line":6,"column":3}},"2":{"start":{"line":5,"column":4},"end":{"line":5,"column":47}},"3":{"start":{"line":7,"column":2},"end":{"line":9,"column":3}},"4":{"start":{"line":8,"column":4},"end":{"line":8,"column":48}},"5":{"start":{"line":10,"column":2},"end":{"line":12,"column":3}},"6":{"start":{"line":11,"column":4},"end":{"line":11,"column":54}},"7":{"start":{"line":13,"column":2},"end":{"line":15,"column":3}},"8":{"start":{"line":14,"column":4},"end":{"line":14,"column":44}},"9":{"start":{"line":16,"column":2},"end":{"line":18,"column":3}},"10":{"start":{"line":17,"column":4},"end":{"line":17,"column":54}},"11":{"start":{"line":19,"column":2},"end":{"line":21,"column":3}},"12":{"start":{"line":20,"column":4},"end":{"line":20,"column":47}},"13":{"start":{"line":22,"column":2},"end":{"line":24,"column":3}},"14":{"start":{"line":23,"column":4},"end":{"line":23,"column":17}},"15":{"start":{"line":25,"column":2},"end":{"line":25,"column":14}}},"fnMap":{"0":{"name":"validations","decl":{"start":{"line":2,"column":15},"end":{"line":2,"column":26}},"loc":{"start":{"line":2,"column":32},"end":{"line":26,"column":1}},"line":2}},"branchMap":{"0":{"loc":{"start":{"line":4,"column":2},"end":{"line":6,"column":3}},"type":"if","locations":[{"start":{"line":4,"column":2},"end":{"line":6,"column":3}},{"start":{},"end":{}}],"line":4},"1":{"loc":{"start":{"line":7,"column":2},"end":{"line":9,"column":3}},"type":"if","locations":[{"start":{"line":7,"column":2},"end":{"line":9,"column":3}},{"start":{},"end":{}}],"line":7},"2":{"loc":{"start":{"line":10,"column":2},"end":{"line":12,"column":3}},"type":"if","locations":[{"start":{"line":10,"column":2},"end":{"line":12,"column":3}},{"start":{},"end":{}}],"line":10},"3":{"loc":{"start":{"line":13,"column":2},"end":{"line":15,"column":3}},"type":"if","locations":[{"start":{"line":13,"column":2},"end":{"line":15,"column":3}},{"start":{},"end":{}}],"line":13},"4":{"loc":{"start":{"line":16,"column":2},"end":{"line":18,"column":3}},"type":"if","locations":[{"start":{"line":16,"column":2},"end":{"line":18,"column":3}},{"start":{},"end":{}}],"line":16},"5":{"loc":{"start":{"line":19,"column":2},"end":{"line":21,"column":3}},"type":"if","locations":[{"start":{"line":19,"column":2},"end":{"line":21,"column":3}},{"start":{},"end":{}}],"line":19},"6":{"loc":{"start":{"line":22,"column":2},"end":{"line":24,"column":3}},"type":"if","locations":[{"start":{"line":22,"column":2},"end":{"line":24,"column":3}},{"start":{},"end":{}}],"line":22}},"s":{"0":6,"1":6,"2":3,"3":6,"4":2,"5":6,"6":2,"7":6,"8":2,"9":6,"10":2,"11":6,"12":1,"13":6,"14":3,"15":3},"f":{"0":6},"b":{"0":[3,3],"1":[2,4],"2":[2,4],"3":[2,4],"4":[2,4],"5":[1,5],"6":[3,3]},"_coverageSchema":"1a1c01bbd47fc00a2c39e90264f33305004495a9","hash":"170dc9d6a1f1e0971c5e49605a82d9c9f4b427dc"}
}
