TN:
SF:api\app.js
FN:21,(anonymous_0)
FN:33,(anonymous_1)
FNF:2
FNH:2
FNDA:8,(anonymous_0)
FNDA:1,(anonymous_1)
DA:15,1
DA:18,1
DA:21,1
DA:22,8
DA:23,8
DA:24,8
DA:25,8
DA:27,1
DA:30,1
DA:33,1
LF:10
LH:10
BRDA:15,0,0,1
BRDA:15,0,1,1
BRF:2
BRH:2
end_of_record
TN:
SF:api\Routes\FilmesRouter.js
FNF:0
FNH:0
DA:7,1
DA:10,1
LF:2
LH:2
BRF:0
BRH:0
end_of_record
TN:
SF:api\Routes\index.js
FN:8,(anonymous_0)
FNF:1
FNH:1
FNDA:1,(anonymous_0)
DA:9,1
DA:10,1
LF:2
LH:2
BRF:0
BRH:0
end_of_record
TN:
SF:api\config\db\conectionMongo.js
FN:5,conexao
FNF:1
FNH:1
FNDA:3,conexao
DA:3,2
DA:6,3
DA:7,3
DA:8,2
DA:10,1
DA:14,2
LF:6
LH:6
BRF:0
BRH:0
end_of_record
TN:
SF:api\config\models\Filmes.js
FNF:0
FNH:0
DA:3,1
DA:30,1
LF:2
LH:2
BRF:0
BRH:0
end_of_record
TN:
SF:api\controllers\FilmesControlles.js
FN:10,(anonymous_0)
FN:22,(anonymous_1)
FN:44,(anonymous_2)
FN:54,(anonymous_3)
FNF:4
FNH:4
FNDA:1,(anonymous_0)
FNDA:3,(anonymous_1)
FNDA:2,(anonymous_2)
FNDA:2,(anonymous_3)
DA:11,1
DA:12,1
DA:13,1
DA:16,0
DA:17,0
DA:23,3
DA:24,3
DA:25,2
DA:26,2
DA:27,1
DA:28,1
DA:29,1
DA:30,1
DA:32,0
DA:33,0
DA:36,1
DA:39,1
DA:45,2
DA:46,2
DA:47,1
DA:49,1
DA:55,2
DA:56,2
DA:57,1
DA:58,1
DA:59,1
DA:61,0
DA:62,0
DA:65,1
LF:29
LH:23
BRDA:24,0,0,2
BRDA:24,0,1,1
BRDA:26,1,0,1
BRDA:26,1,1,1
BRDA:56,2,0,1
BRDA:56,2,1,1
BRF:6
BRH:6
end_of_record
TN:
SF:api\validations\insertValidations.js
FN:2,validations
FNF:1
FNH:1
FNDA:6,validations
DA:3,6
DA:4,6
DA:5,3
DA:7,6
DA:8,2
DA:10,6
DA:11,2
DA:13,6
DA:14,2
DA:16,6
DA:17,2
DA:19,6
DA:20,1
DA:22,6
DA:23,3
DA:25,3
LF:16
LH:16
BRDA:4,0,0,3
BRDA:4,0,1,3
BRDA:7,1,0,2
BRDA:7,1,1,4
BRDA:10,2,0,2
BRDA:10,2,1,4
BRDA:13,3,0,2
BRDA:13,3,1,4
BRDA:16,4,0,2
BRDA:16,4,1,4
BRDA:19,5,0,1
BRDA:19,5,1,5
BRDA:22,6,0,3
BRDA:22,6,1,3
BRF:14
BRH:14
end_of_record
